<?xml version="1.0" encoding="UTF-8"?>
<!-- Generated by org.testng.reporters.JUnitReportReporter -->
<testsuite skipped="0" hostname="Girish-PC" name="Framework.DatePicker" tests="1" failures="0" timestamp="15 May 2018 18:24:21 GMT" time="325.940" errors="0">
  <testcase name="testDAtePicker" time="325.940" classname="Framework.DatePicker"/>
</testsuite> <!-- Framework.DatePicker -->
